<?xml version="1.0" encoding="UTF-8"?>
<testng-results ignored="0" total="2" passed="2" failed="0" skipped="0">
  <reporter-output>
  </reporter-output>
  <suite started-at="2024-01-12T10:54:27 IST" name="Default suite" finished-at="2024-01-12T10:54:57 IST" duration-ms="30286">
    <groups>
    </groups>
    <test started-at="2024-01-12T10:54:27 IST" name="Default test" finished-at="2024-01-12T10:54:57 IST" duration-ms="30286">
      <class name="Module1_Home_TestClass.Insurance_TestClass">
        <test-method is-config="true" signature="OpenBrowser()[pri:0, instance:Module1_Home_TestClass.Insurance_TestClass@3fffff43]" started-at="2024-01-12T10:54:27 IST" name="OpenBrowser" finished-at="2024-01-12T10:54:32 IST" duration-ms="4585" status="PASS">
          <reporter-output>
          </reporter-output>
        </test-method> <!-- OpenBrowser -->
        <test-method is-config="true" signature="LoginToApp()[pri:0, instance:Module1_Home_TestClass.Insurance_TestClass@3fffff43]" started-at="2024-01-12T10:54:32 IST" name="LoginToApp" finished-at="2024-01-12T10:54:40 IST" duration-ms="8151" status="PASS">
          <reporter-output>
          </reporter-output>
        </test-method> <!-- LoginToApp -->
        <test-method signature="verifyEmail()[pri:1, instance:Module1_Home_TestClass.Insurance_TestClass@3fffff43]" started-at="2024-01-12T10:54:40 IST" name="verifyEmail" finished-at="2024-01-12T10:54:40 IST" duration-ms="554" status="PASS">
          <reporter-output>
          </reporter-output>
        </test-method> <!-- verifyEmail -->
        <test-method is-config="true" signature="LogOutToApp(org.testng.ITestResult)[pri:0, instance:Module1_Home_TestClass.Insurance_TestClass@3fffff43]" started-at="2024-01-12T10:54:40 IST" name="LogOutToApp" finished-at="2024-01-12T10:54:44 IST" duration-ms="3307" status="PASS">
          <params>
            <param index="0">
              <value>
                <![CDATA[[TestResult name=verifyEmail status=SUCCESS method=Insurance_TestClass.verifyEmail()[pri:1, instance:Module1_Home_TestClass.Insurance_TestClass@3fffff43] output={null}]]]>
              </value>
            </param>
          </params>
          <reporter-output>
          </reporter-output>
        </test-method> <!-- LogOutToApp -->
        <test-method is-config="true" signature="LoginToApp()[pri:0, instance:Module1_Home_TestClass.Insurance_TestClass@3fffff43]" started-at="2024-01-12T10:54:44 IST" name="LoginToApp" finished-at="2024-01-12T10:54:51 IST" duration-ms="7639" status="PASS">
          <reporter-output>
          </reporter-output>
        </test-method> <!-- LoginToApp -->
        <test-method signature="VerifyTitle()[pri:2, instance:Module1_Home_TestClass.Insurance_TestClass@3fffff43]" started-at="2024-01-12T10:54:51 IST" name="VerifyTitle" finished-at="2024-01-12T10:54:51 IST" duration-ms="78" status="PASS">
          <reporter-output>
          </reporter-output>
        </test-method> <!-- VerifyTitle -->
        <test-method is-config="true" signature="LogOutToApp(org.testng.ITestResult)[pri:0, instance:Module1_Home_TestClass.Insurance_TestClass@3fffff43]" started-at="2024-01-12T10:54:51 IST" name="LogOutToApp" finished-at="2024-01-12T10:54:55 IST" duration-ms="3832" status="PASS">
          <params>
            <param index="0">
              <value>
                <![CDATA[[TestResult name=VerifyTitle status=SUCCESS method=Insurance_TestClass.VerifyTitle()[pri:2, instance:Module1_Home_TestClass.Insurance_TestClass@3fffff43] output={null}]]]>
              </value>
            </param>
          </params>
          <reporter-output>
          </reporter-output>
        </test-method> <!-- LogOutToApp -->
        <test-method is-config="true" signature="CloseBrowser()[pri:0, instance:Module1_Home_TestClass.Insurance_TestClass@3fffff43]" started-at="2024-01-12T10:54:55 IST" name="CloseBrowser" finished-at="2024-01-12T10:54:57 IST" duration-ms="2106" status="PASS">
          <reporter-output>
          </reporter-output>
        </test-method> <!-- CloseBrowser -->
      </class> <!-- Module1_Home_TestClass.Insurance_TestClass -->
    </test> <!-- Default test -->
  </suite> <!-- Default suite -->
</testng-results>
